0 info it worked if it ends with ok
1 verbose cli [ '/usr/bin/node', '/usr/bin/npm', 'run', 'test' ]
2 info using npm@3.5.2
3 info using node@v8.10.0
4 verbose run-script [ 'pretest', 'test', 'posttest' ]
5 info lifecycle path-router-web@0.0.5~pretest: path-router-web@0.0.5
6 silly lifecycle path-router-web@0.0.5~pretest: no script for pretest, continuing
7 info lifecycle path-router-web@0.0.5~test: path-router-web@0.0.5
8 verbose lifecycle path-router-web@0.0.5~test: unsafe-perm in lifecycle true
9 verbose lifecycle path-router-web@0.0.5~test: PATH: /usr/share/npm/bin/node-gyp-bin:/home/narek/Projects/path-router/node_modules/.bin:/usr/local/sbin:/usr/local/bin:/usr/sbin:/usr/bin:/sbin:/bin:/usr/games:/usr/local/games:/snap/bin
10 verbose lifecycle path-router-web@0.0.5~test: CWD: /home/narek/Projects/path-router
11 silly lifecycle path-router-web@0.0.5~test: Args: [ '-c',
11 silly lifecycle   'jest --coverage && cat ./coverage/lcov.info | ./node_modules/coveralls/bin/coveralls.js' ]
12 info lifecycle path-router-web@0.0.5~test: Failed to exec test script
13 verbose stack Error: path-router-web@0.0.5 test: `jest --coverage && cat ./coverage/lcov.info | ./node_modules/coveralls/bin/coveralls.js`
13 verbose stack spawn ENOENT
13 verbose stack     at ChildProcess.<anonymous> (/usr/share/npm/lib/utils/spawn.js:17:16)
13 verbose stack     at emitTwo (events.js:126:13)
13 verbose stack     at ChildProcess.emit (events.js:214:7)
13 verbose stack     at maybeClose (internal/child_process.js:925:16)
13 verbose stack     at Process.ChildProcess._handle.onexit (internal/child_process.js:209:5)
14 verbose pkgid path-router-web@0.0.5
15 verbose cwd /home/narek/Projects/path-router
16 error Linux 4.15.0-29-generic
17 error argv "/usr/bin/node" "/usr/bin/npm" "run" "test"
18 error node v8.10.0
19 error npm  v3.5.2
20 error file sh
21 error code ELIFECYCLE
22 error errno ENOENT
23 error syscall spawn
24 error path-router-web@0.0.5 test: `jest --coverage && cat ./coverage/lcov.info | ./node_modules/coveralls/bin/coveralls.js`
24 error spawn ENOENT
25 error Failed at the path-router-web@0.0.5 test script 'jest --coverage && cat ./coverage/lcov.info | ./node_modules/coveralls/bin/coveralls.js'.
25 error Make sure you have the latest version of node.js and npm installed.
25 error If you do, this is most likely a problem with the path-router-web package,
25 error not with npm itself.
25 error Tell the author that this fails on your system:
25 error     jest --coverage && cat ./coverage/lcov.info | ./node_modules/coveralls/bin/coveralls.js
25 error You can get information on how to open an issue for this project with:
25 error     npm bugs path-router-web
25 error Or if that isn't available, you can get their info via:
25 error     npm owner ls path-router-web
25 error There is likely additional logging output above.
26 verbose exit [ 1, true ]
